<?xml version="1.0" encoding="UTF-8"?>
<!-- Generated by org.testng.reporters.JUnitReportReporter -->
<testsuite hostname="HMECL000563" failures="0" tests="3" name="test.TestNGPriorityMethod" time="0.025" errors="0" timestamp="03 Dec 2018 11:40:04 GMT" skipped="0">
  <testcase classname="test.TestNGPriorityMethod" name="two" time="0.019"/>
  <testcase classname="test.TestNGPriorityMethod" name="one" time="0.003"/>
  <testcase classname="test.TestNGPriorityMethod" name="three" time="0.003"/>
</testsuite> <!-- test.TestNGPriorityMethod -->
