<?xml version="1.0" encoding="UTF-8"?>
<!-- Generated by org.testng.reporters.JUnitReportReporter -->
<testsuite hostname="HMECL000563" failures="0" tests="1" name="test.TestNGParametersDemo" time="0.015" errors="0" timestamp="04 Dec 2018 11:47:59 GMT" skipped="0">
  <testcase classname="test.TestNGParametersDemo" name="test" time="0.015"/>
</testsuite> <!-- test.TestNGParametersDemo -->
