<?xml version="1.0" encoding="UTF-8"?>
<!-- Generated by org.testng.reporters.JUnitReportReporter -->
<testsuite hostname="HMECL000563" failures="0" tests="2" name="com.test.RegisterPageTest" time="27.376" errors="0" timestamp="30 Nov 2018 13:29:46 GMT" skipped="0">
  <testcase classname="com.test.RegisterPageTest" name="registerPageTest2" time="14.401"/>
  <testcase classname="com.test.RegisterPageTest" name="registerPageTest" time="12.975"/>
</testsuite> <!-- com.test.RegisterPageTest -->
