<?xml version="1.0" encoding="UTF-8"?>
<!-- Generated by org.testng.reporters.JUnitReportReporter -->
<testsuite hostname="HMECL000563" failures="0" tests="1" name="test.GoogleSearchPageTest" time="6.723" errors="0" timestamp="24 Nov 2018 17:05:14 GMT" skipped="0">
  <testcase classname="test.GoogleSearchPageTest" name="googleSearchTest" time="6.723"/>
</testsuite> <!-- test.GoogleSearchPageTest -->
