<?xml version="1.0" encoding="UTF-8"?>
<!-- Generated by org.testng.reporters.JUnitReportReporter -->
<testsuite hostname="HMECL000563" failures="0" tests="2" name="test.TestNGMultiBrowserTesting" time="11.652" errors="0" timestamp="04 Dec 2018 06:30:16 GMT" skipped="0">
  <testcase classname="test.TestNGMultiBrowserTesting" name="test1" time="6.094"/>
  <testcase classname="test.TestNGMultiBrowserTesting" name="test1" time="5.558"/>
</testsuite> <!-- test.TestNGMultiBrowserTesting -->
