<?xml version="1.0" encoding="UTF-8"?>
<!-- Generated by org.testng.reporters.JUnitReportReporter -->
<testsuite hostname="HMECL000563" failures="0" tests="2" name="test.TestNGGroupsDemo" time="0.020" errors="0" timestamp="04 Dec 2018 06:52:11 GMT" skipped="0">
  <testcase classname="test.TestNGGroupsDemo" name="test1" time="0.015"/>
  <testcase classname="test.TestNGGroupsDemo" name="test2" time="0.005"/>
</testsuite> <!-- test.TestNGGroupsDemo -->
