<?xml version="1.0" encoding="UTF-8"?>
<!-- Generated by org.testng.reporters.JUnitReportReporter -->
<testsuite hostname="HMECL000563" failures="0" tests="3" name="test.TestNGDependencies" time="0.017" errors="0" timestamp="04 Dec 2018 11:52:06 GMT" skipped="0">
  <testcase classname="test.TestNGDependencies" name="test1" time="0.001"/>
  <testcase classname="test.TestNGDependencies" name="test3" time="0.002"/>
  <testcase classname="test.TestNGDependencies" name="test2" time="0.014"/>
</testsuite> <!-- test.TestNGDependencies -->
