<?xml version="1.0" encoding="UTF-8"?>
<!-- Generated by org.testng.reporters.JUnitReportReporter -->
<testsuite hostname="HMECL000563" failures="0" tests="2" name="test.ExtentReportWithTestNG" time="13.163" errors="0" timestamp="25 Nov 2018 05:50:40 GMT" skipped="0">
  <testcase classname="test.ExtentReportWithTestNG" name="test1" time="13.155"/>
  <testcase classname="test.ExtentReportWithTestNG" name="test2" time="0.008"/>
</testsuite> <!-- test.ExtentReportWithTestNG -->
